2019-05-25 9:27:18 - PHP Warning:  mysqli::mysqli(): (HY000/2002): No connection could be made because the target machine actively refused it.
 in E:\www\kingsport\system\library\db\mysqli.php on line 7
2019-05-25 9:27:19 - PHP Warning:  DB\MySQLi::__construct(): Couldn't fetch mysqli in E:\www\kingsport\system\library\db\mysqli.php on line 10
2019-05-25 9:27:19 - PHP Warning:  DB\MySQLi::__construct(): Couldn't fetch mysqli in E:\www\kingsport\system\library\db\mysqli.php on line 10
2019-05-25 23:35:55 - PHP Warning:  Division by zero in E:\www\kingsport\admin\model\localisation\currency.php on line 141
2019-05-25 23:35:55 - PHP Warning:  Division by zero in E:\www\kingsport\admin\model\localisation\currency.php on line 141
2019-05-25 23:35:55 - PHP Warning:  Division by zero in E:\www\kingsport\admin\model\localisation\currency.php on line 141
2019-05-26 0:05:30 - PHP Notice:  Undefined index: news_id in E:\www\kingsport\admin\controller\extension\module\news.php on line 95
2019-05-26 1:34:48 - PHP Warning:  Division by zero in E:\www\kingsport\admin\model\localisation\currency.php on line 141
2019-05-26 1:34:48 - PHP Warning:  Division by zero in E:\www\kingsport\admin\model\localisation\currency.php on line 141
2019-05-26 1:34:48 - PHP Warning:  Division by zero in E:\www\kingsport\admin\model\localisation\currency.php on line 141
2019-05-26 1:55:21 - PHP Warning:  Division by zero in E:\www\kingsport\admin\model\localisation\currency.php on line 141
2019-05-26 1:55:21 - PHP Warning:  Division by zero in E:\www\kingsport\admin\model\localisation\currency.php on line 141
2019-05-26 1:55:21 - PHP Warning:  Division by zero in E:\www\kingsport\admin\model\localisation\currency.php on line 141
2019-05-26 9:44:16 - PHP Notice:  Undefined index: info_description in E:\www\kingsport\admin\controller\web\information.php on line 353
2019-05-26 9:44:16 - PHP Warning:  Invalid argument supplied for foreach() in E:\www\kingsport\admin\controller\web\information.php on line 353
2019-05-26 9:44:16 - PHP Notice:  Undefined index: info_seo_url in E:\www\kingsport\admin\controller\web\information.php on line 367
2019-05-26 9:44:16 - PHP Notice:  Undefined index: info_description in E:\www\kingsport\admin\model\web\information.php on line 9
2019-05-26 9:44:16 - PHP Warning:  Invalid argument supplied for foreach() in E:\www\kingsport\admin\model\web\information.php on line 9
2019-05-26 9:45:19 - PHP Notice:  Undefined index: info_description in E:\www\kingsport\admin\controller\web\information.php on line 353
2019-05-26 9:45:19 - PHP Warning:  Invalid argument supplied for foreach() in E:\www\kingsport\admin\controller\web\information.php on line 353
2019-05-26 9:45:19 - PHP Notice:  Undefined index: info_seo_url in E:\www\kingsport\admin\controller\web\information.php on line 367
2019-05-26 9:45:19 - PHP Notice:  Undefined index: info_description in E:\www\kingsport\admin\model\web\information.php on line 9
2019-05-26 9:45:19 - PHP Warning:  Invalid argument supplied for foreach() in E:\www\kingsport\admin\model\web\information.php on line 9
2019-05-26 9:46:46 - PHP Notice:  Undefined index: info_description in E:\www\kingsport\admin\controller\web\information.php on line 353
2019-05-26 9:46:46 - PHP Warning:  Invalid argument supplied for foreach() in E:\www\kingsport\admin\controller\web\information.php on line 353
2019-05-26 9:46:46 - PHP Notice:  Undefined index: info_seo_url in E:\www\kingsport\admin\controller\web\information.php on line 367
2019-05-26 9:47:46 - PHP Notice:  Undefined index: info_description in E:\www\kingsport\admin\controller\web\information.php on line 353
2019-05-26 9:47:46 - PHP Warning:  Invalid argument supplied for foreach() in E:\www\kingsport\admin\controller\web\information.php on line 353
2019-05-26 9:47:46 - PHP Notice:  Undefined index: info_seo_url in E:\www\kingsport\admin\controller\web\information.php on line 367
2019-05-26 9:47:46 - PHP Notice:  Undefined index: info_description in E:\www\kingsport\admin\model\web\information.php on line 10
2019-05-26 9:47:46 - PHP Warning:  Invalid argument supplied for foreach() in E:\www\kingsport\admin\model\web\information.php on line 10
2019-05-26 9:48:23 - PHP Notice:  Undefined index: info_description in E:\www\kingsport\admin\controller\web\information.php on line 353
2019-05-26 9:48:23 - PHP Warning:  Invalid argument supplied for foreach() in E:\www\kingsport\admin\controller\web\information.php on line 353
2019-05-26 9:48:23 - PHP Notice:  Undefined index: info_seo_url in E:\www\kingsport\admin\controller\web\information.php on line 367
2019-05-26 9:49:50 - PHP Notice:  Undefined index: info_description in E:\www\kingsport\admin\controller\web\information.php on line 355
2019-05-26 9:49:50 - PHP Warning:  Invalid argument supplied for foreach() in E:\www\kingsport\admin\controller\web\information.php on line 355
2019-05-26 9:49:50 - PHP Notice:  Undefined index: info_seo_url in E:\www\kingsport\admin\controller\web\information.php on line 369
2019-05-26 10:11:03 - PHP Warning:  Division by zero in E:\www\kingsport\admin\model\localisation\currency.php on line 141
2019-05-26 10:11:03 - PHP Warning:  Division by zero in E:\www\kingsport\admin\model\localisation\currency.php on line 141
2019-05-26 10:11:03 - PHP Warning:  Division by zero in E:\www\kingsport\admin\model\localisation\currency.php on line 141
